# JRE version: Java(TM) SE Runtime Environment (7.0_60-b19) (build 1.7.0_60-b19)
# Java VM: Java HotSpot(TM) 64-Bit Server VM (24.60-b09 mixed mode windows-amd64 compressed oops)
Heap
 PSYoungGen      total 19456K, used 8692K [0x00000000ead00000, 0x00000000ed300000, 0x0000000100000000)
  eden space 16896K, 36% used [0x00000000ead00000,0x00000000eb2fefe8,0x00000000ebd80000)
  from space 2560K, 99% used [0x00000000ebd80000,0x00000000ebffe070,0x00000000ec000000)
  to   space 2560K, 0% used [0x00000000ed080000,0x00000000ed080000,0x00000000ed300000)
 ParOldGen       total 43008K, used 4843K [0x00000000c0800000, 0x00000000c3200000, 0x00000000ead00000)
  object space 43008K, 11% used [0x00000000c0800000,0x00000000c0cbaf50,0x00000000c3200000)
 PSPermGen       total 21504K, used 14650K [0x00000000bb600000, 0x00000000bcb00000, 0x00000000c0800000)
  object space 21504K, 68% used [0x00000000bb600000,0x00000000bc44ea28,0x00000000bcb00000)
GC Heap History (6 events):
Event: 8.621 GC heap before
{Heap before GC invocations=1 (full 0):
 PSYoungGen      total 19456K, used 16896K [0x00000000ead00000, 0x00000000ec280000, 0x0000000100000000)
  eden space 16896K, 100% used [0x00000000ead00000,0x00000000ebd80000,0x00000000ebd80000)
  from space 2560K, 0% used [0x00000000ec000000,0x00000000ec000000,0x00000000ec280000)
  to   space 2560K, 0% used [0x00000000ebd80000,0x00000000ebd80000,0x00000000ec000000)
 ParOldGen       total 43008K, used 0K [0x00000000c0800000, 0x00000000c3200000, 0x00000000ead00000)
  object space 43008K, 0% used [0x00000000c0800000,0x00000000c0800000,0x00000000c3200000)
 PSPermGen       total 21504K, used 8081K [0x00000000bb600000, 0x00000000bcb00000, 0x00000000c0800000)
  object space 21504K, 37% used [0x00000000bb600000,0x00000000bbde45a8,0x00000000bcb00000)
Event: 8.637 GC heap after
Heap after GC invocations=1 (full 0):
 PSYoungGen      total 19456K, used 2554K [0x00000000ead00000, 0x00000000ec280000, 0x0000000100000000)
  eden space 16896K, 0% used [0x00000000ead00000,0x00000000ead00000,0x00000000ebd80000)
  from space 2560K, 99% used [0x00000000ebd80000,0x00000000ebffe8a8,0x00000000ec000000)
  to   space 2560K, 0% used [0x00000000ec000000,0x00000000ec000000,0x00000000ec280000)
 ParOldGen       total 43008K, used 1193K [0x00000000c0800000, 0x00000000c3200000, 0x00000000ead00000)
  object space 43008K, 2% used [0x00000000c0800000,0x00000000c092a708,0x00000000c3200000)
 PSPermGen       total 21504K, used 8081K [0x00000000bb600000, 0x00000000bcb00000, 0x00000000c0800000)
  object space 21504K, 37% used [0x00000000bb600000,0x00000000bbde45a8,0x00000000bcb00000)
}
Event: 9.717 GC heap before
{Heap before GC invocations=2 (full 0):
 PSYoungGen      total 19456K, used 19450K [0x00000000ead00000, 0x00000000ec280000, 0x0000000100000000)
  eden space 16896K, 100% used [0x00000000ead00000,0x00000000ebd80000,0x00000000ebd80000)
  from space 2560K, 99% used [0x00000000ebd80000,0x00000000ebffe8a8,0x00000000ec000000)
  to   space 2560K, 0% used [0x00000000ec000000,0x00000000ec000000,0x00000000ec280000)
 ParOldGen       total 43008K, used 1193K [0x00000000c0800000, 0x00000000c3200000, 0x00000000ead00000)
  object space 43008K, 2% used [0x00000000c0800000,0x00000000c092a708,0x00000000c3200000)
 PSPermGen       total 21504K, used 13025K [0x00000000bb600000, 0x00000000bcb00000, 0x00000000c0800000)
  object space 21504K, 60% used [0x00000000bb600000,0x00000000bc2b87d8,0x00000000bcb00000)
Event: 9.732 GC heap after
Heap after GC invocations=2 (full 0):
 PSYoungGen      total 19456K, used 2536K [0x00000000ead00000, 0x00000000ec280000, 0x0000000100000000)
  eden space 16896K, 0% used [0x00000000ead00000,0x00000000ead00000,0x00000000ebd80000)
  from space 2560K, 99% used [0x00000000ec000000,0x00000000ec27a0a0,0x00000000ec280000)
  to   space 2560K, 0% used [0x00000000ebd80000,0x00000000ebd80000,0x00000000ec000000)
 ParOldGen       total 43008K, used 3567K [0x00000000c0800000, 0x00000000c3200000, 0x00000000ead00000)
  object space 43008K, 8% used [0x00000000c0800000,0x00000000c0b7bf70,0x00000000c3200000)
 PSPermGen       total 21504K, used 13025K [0x00000000bb600000, 0x00000000bcb00000, 0x00000000c0800000)
  object space 21504K, 60% used [0x00000000bb600000,0x00000000bc2b87d8,0x00000000bcb00000)
}
Event: 11.128 GC heap before
{Heap before GC invocations=3 (full 0):
 PSYoungGen      total 19456K, used 19432K [0x00000000ead00000, 0x00000000ec280000, 0x0000000100000000)
  eden space 16896K, 100% used [0x00000000ead00000,0x00000000ebd80000,0x00000000ebd80000)
  from space 2560K, 99% used [0x00000000ec000000,0x00000000ec27a0a0,0x00000000ec280000)
  to   space 2560K, 0% used [0x00000000ebd80000,0x00000000ebd80000,0x00000000ec000000)
 ParOldGen       total 43008K, used 3567K [0x00000000c0800000, 0x00000000c3200000, 0x00000000ead00000)
  object space 43008K, 8% used [0x00000000c0800000,0x00000000c0b7bf70,0x00000000c3200000)
 PSPermGen       total 21504K, used 14159K [0x00000000bb600000, 0x00000000bcb00000, 0x00000000c0800000)
  object space 21504K, 65% used [0x00000000bb600000,0x00000000bc3d3cc8,0x00000000bcb00000)
Event: 11.175 GC heap after
Heap after GC invocations=3 (full 0):
 PSYoungGen      total 19456K, used 2552K [0x00000000ead00000, 0x00000000ed300000, 0x0000000100000000)
  eden space 16896K, 0% used [0x00000000ead00000,0x00000000ead00000,0x00000000ebd80000)
  from space 2560K, 99% used [0x00000000ebd80000,0x00000000ebffe070,0x00000000ec000000)
  to   space 2560K, 0% used [0x00000000ed080000,0x00000000ed080000,0x00000000ed300000)
 ParOldGen       total 43008K, used 4843K [0x00000000c0800000, 0x00000000c3200000, 0x00000000ead00000)
  object space 43008K, 11% used [0x00000000c0800000,0x00000000c0cbaf50,0x00000000c3200000)
 PSPermGen       total 21504K, used 14159K [0x00000000bb600000, 0x00000000bcb00000, 0x00000000c0800000)
  object space 21504K, 65% used [0x00000000bb600000,0x00000000bc3d3cc8,0x00000000bcb00000)
}

